


ARM Macro Assembler    Page 1 


    1 00000000         ;/******************************************************
                       ********************//**
    2 00000000         ; * @file     startup_TM4C123.s
    3 00000000         ; * @brief    CMSIS Cortex-M4 Core Device Startup File f
                       or
    4 00000000         ; *           TI Tiva TM4C123 Blizzard Class Device
    5 00000000         ; * @version  V1.00
    6 00000000         ; * @date     15. May 2013
    7 00000000         ; *
    8 00000000         ; * @note
    9 00000000         ; * Copyright (C) 2011 ARM Limited. All rights reserved.
                       
   10 00000000         ; *
   11 00000000         ; * @par
   12 00000000         ; * ARM Limited (ARM) is supplying this software for use
                        with Cortex-M
   13 00000000         ; * processor based microcontrollers.  This file can be 
                       freely distributed
   14 00000000         ; * within development tools that are supporting such AR
                       M based processors.
   15 00000000         ; *
   16 00000000         ; * @par
   17 00000000         ; * THIS SOFTWARE IS PROVIDED "AS IS".  NO WARRANTIES, W
                       HETHER EXPRESS, IMPLIED
   18 00000000         ; * OR STATUTORY, INCLUDING, BUT NOT LIMITED TO, IMPLIED
                        WARRANTIES OF
   19 00000000         ; * MERCHANTABILITY AND FITNESS FOR A PARTICULAR PURPOSE
                        APPLY TO THIS SOFTWARE.
   20 00000000         ; * ARM SHALL NOT, IN ANY CIRCUMSTANCES, BE LIABLE FOR S
                       PECIAL, INCIDENTAL, OR
   21 00000000         ; * CONSEQUENTIAL DAMAGES, FOR ANY REASON WHATSOEVER.
   22 00000000         ; *
   23 00000000         ; ******************************************************
                       ************************/
   24 00000000         ;/*
   25 00000000         ;//-------- <<< Use Configuration Wizard in Context Menu
                        >>> ------------------
   26 00000000         ;*/
   27 00000000         
   28 00000000         
   29 00000000         ; <h> Stack Configuration
   30 00000000         ;   <o> Stack Size (in Bytes) <0x0-0xFFFFFFFF:8>
   31 00000000         ; </h>
   32 00000000         
   33 00000000 00000200 
                       Stack_Size
                               EQU              0x00000200
   34 00000000         
   35 00000000                 AREA             STACK, NOINIT, READWRITE, ALIGN
=3
   36 00000000         Stack_Mem
                               SPACE            Stack_Size
   37 00000200         __initial_sp
   38 00000200         
   39 00000200         
   40 00000200         ; <h> Heap Configuration
   41 00000200         ;   <o>  Heap Size (in Bytes) <0x0-0xFFFFFFFF:8>
   42 00000200         ; </h>
   43 00000200         



ARM Macro Assembler    Page 2 


   44 00000200 00000000 
                       Heap_Size
                               EQU              0x00000000
   45 00000200         
   46 00000200                 AREA             HEAP, NOINIT, READWRITE, ALIGN=
3
   47 00000000         __heap_base
   48 00000000         Heap_Mem
                               SPACE            Heap_Size
   49 00000000         __heap_limit
   50 00000000         
   51 00000000         
   52 00000000                 PRESERVE8
   53 00000000                 THUMB
   54 00000000         
   55 00000000         
   56 00000000         ; Vector Table Mapped to Address 0 at Reset
   57 00000000         
   58 00000000                 AREA             RESET, DATA, READONLY
   59 00000000                 EXPORT           __Vectors
   60 00000000                 EXPORT           __Vectors_End
   61 00000000                 EXPORT           __Vectors_Size
   62 00000000         
   63 00000000 00000000 
                       __Vectors
                               DCD              __initial_sp ; Top of Stack
   64 00000004 00000000        DCD              Reset_Handler ; Reset Handler
   65 00000008 00000000        DCD              NMI_Handler ; NMI Handler
   66 0000000C 00000000        DCD              HardFault_Handler ; Hard Fault 
                                                            Handler
   67 00000010 00000000        DCD              MemManage_Handler 
                                                            ; MPU Fault Handler
                                                            
   68 00000014 00000000        DCD              BusFault_Handler 
                                                            ; Bus Fault Handler
                                                            
   69 00000018 00000000        DCD              UsageFault_Handler ; Usage Faul
                                                            t Handler
   70 0000001C 00000000        DCD              0           ; Reserved
   71 00000020 00000000        DCD              0           ; Reserved
   72 00000024 00000000        DCD              0           ; Reserved
   73 00000028 00000000        DCD              0           ; Reserved
   74 0000002C 00000000        DCD              SVC_Handler ; SVCall Handler
   75 00000030 00000000        DCD              DebugMon_Handler ; Debug Monito
                                                            r Handler
   76 00000034 00000000        DCD              0           ; Reserved
   77 00000038 00000000        DCD              PendSV_Handler ; PendSV Handler
                                                            
   78 0000003C 00000000        DCD              SysTick_Handler 
                                                            ; SysTick Handler
   79 00000040         
   80 00000040         ; External Interrupts
   81 00000040         
   82 00000040 00000000        DCD              GPIOA_Handler 
                                                            ;   0: GPIO Port A
   83 00000044 00000000        DCD              GPIOB_Handler 
                                                            ;   1: GPIO Port B
   84 00000048 00000000        DCD              GPIOC_Handler 
                                                            ;   2: GPIO Port C



ARM Macro Assembler    Page 3 


   85 0000004C 00000000        DCD              GPIOD_Handler 
                                                            ;   3: GPIO Port D
   86 00000050 00000000        DCD              GPIOE_Handler 
                                                            ;   4: GPIO Port E
   87 00000054 00000000        DCD              UART0_Handler ;   5: UART0 Rx a
                                                            nd Tx
   88 00000058 00000000        DCD              UART1_Handler ;   6: UART1 Rx a
                                                            nd Tx
   89 0000005C 00000000        DCD              SSI0_Handler ;   7: SSI0 Rx and
                                                             Tx
   90 00000060 00000000        DCD              I2C0_Handler ;   8: I2C0 Master
                                                             and Slave
   91 00000064 00000000        DCD              PMW0_FAULT_Handler 
                                                            ;   9: PWM Fault
   92 00000068 00000000        DCD              PWM0_0_Handler ;  10: PWM Gener
                                                            ator 0
   93 0000006C 00000000        DCD              PWM0_1_Handler ;  11: PWM Gener
                                                            ator 1
   94 00000070 00000000        DCD              PWM0_2_Handler ;  12: PWM Gener
                                                            ator 2
   95 00000074 00000000        DCD              QEI0_Handler ;  13: Quadrature 
                                                            Encoder 0
   96 00000078 00000000        DCD              ADC0SS0_Handler ;  14: ADC Sequ
                                                            ence 0
   97 0000007C 00000000        DCD              ADC0SS1_Handler ;  15: ADC Sequ
                                                            ence 1
   98 00000080 00000000        DCD              ADC0SS2_Handler ;  16: ADC Sequ
                                                            ence 2
   99 00000084 00000000        DCD              ADC0SS3_Handler ;  17: ADC Sequ
                                                            ence 3
  100 00000088 00000000        DCD              WDT0_Handler ;  18: Watchdog ti
                                                            mer
  101 0000008C 00000000        DCD              TIMER0A_Handler ;  19: Timer 0 
                                                            subtimer A
  102 00000090 00000000        DCD              TIMER0B_Handler ;  20: Timer 0 
                                                            subtimer B
  103 00000094 00000000        DCD              TIMER1A_Handler ;  21: Timer 1 
                                                            subtimer A
  104 00000098 00000000        DCD              TIMER1B_Handler ;  22: Timer 1 
                                                            subtimer B
  105 0000009C 00000000        DCD              TIMER2A_Handler ;  23: Timer 2 
                                                            subtimer A
  106 000000A0 00000000        DCD              TIMER2B_Handler ;  24: Timer 2 
                                                            subtimer B
  107 000000A4 00000000        DCD              COMP0_Handler ;  25: Analog Com
                                                            parator 0
  108 000000A8 00000000        DCD              COMP1_Handler ;  26: Analog Com
                                                            parator 1
  109 000000AC 00000000        DCD              COMP2_Handler ;  27: Analog Com
                                                            parator 2
  110 000000B0 00000000        DCD              SYSCTL_Handler ;  28: System Co
                                                            ntrol (PLL, OSC, BO
                                                            )
  111 000000B4 00000000        DCD              FLASH_Handler ;  29: FLASH Cont
                                                            rol
  112 000000B8 00000000        DCD              GPIOF_Handler 
                                                            ;  30: GPIO Port F
  113 000000BC 00000000        DCD              GPIOG_Handler 
                                                            ;  31: GPIO Port G



ARM Macro Assembler    Page 4 


  114 000000C0 00000000        DCD              GPIOH_Handler 
                                                            ;  32: GPIO Port H
  115 000000C4 00000000        DCD              UART2_Handler ;  33: UART2 Rx a
                                                            nd Tx
  116 000000C8 00000000        DCD              SSI1_Handler ;  34: SSI1 Rx and
                                                             Tx
  117 000000CC 00000000        DCD              TIMER3A_Handler ;  35: Timer 3 
                                                            subtimer A
  118 000000D0 00000000        DCD              TIMER3B_Handler ;  36: Timer 3 
                                                            subtimer B
  119 000000D4 00000000        DCD              I2C1_Handler ;  37: I2C1 Master
                                                             and Slave
  120 000000D8 00000000        DCD              QEI1_Handler ;  38: Quadrature 
                                                            Encoder 1
  121 000000DC 00000000        DCD              CAN0_Handler ;  39: CAN0
  122 000000E0 00000000        DCD              CAN1_Handler ;  40: CAN1
  123 000000E4 00000000        DCD              CAN2_Handler ;  41: CAN2
  124 000000E8 00000000        DCD              0           ;  42: Reserved
  125 000000EC 00000000        DCD              HIB_Handler ;  43: Hibernate
  126 000000F0 00000000        DCD              USB0_Handler ;  44: USB0
  127 000000F4 00000000        DCD              PWM0_3_Handler ;  45: PWM Gener
                                                            ator 3
  128 000000F8 00000000        DCD              UDMA_Handler ;  46: uDMA Softwa
                                                            re Transfer
  129 000000FC 00000000        DCD              UDMAERR_Handler 
                                                            ;  47: uDMA Error
  130 00000100 00000000        DCD              ADC1SS0_Handler ;  48: ADC1 Seq
                                                            uence 0
  131 00000104 00000000        DCD              ADC1SS1_Handler ;  49: ADC1 Seq
                                                            uence 1
  132 00000108 00000000        DCD              ADC1SS2_Handler ;  50: ADC1 Seq
                                                            uence 2
  133 0000010C 00000000        DCD              ADC1SS3_Handler ;  51: ADC1 Seq
                                                            uence 3
  134 00000110 00000000        DCD              0           ;  52: Reserved
  135 00000114 00000000        DCD              0           ;  53: Reserved
  136 00000118 00000000        DCD              GPIOJ_Handler 
                                                            ;  54: GPIO Port J
  137 0000011C 00000000        DCD              GPIOK_Handler 
                                                            ;  55: GPIO Port K
  138 00000120 00000000        DCD              GPIOL_Handler 
                                                            ;  56: GPIO Port L
  139 00000124 00000000        DCD              SSI2_Handler ;  57: SSI2 Rx and
                                                             Tx
  140 00000128 00000000        DCD              SSI3_Handler ;  58: SSI3 Rx and
                                                             Tx
  141 0000012C 00000000        DCD              UART3_Handler ;  59: UART3 Rx a
                                                            nd Tx
  142 00000130 00000000        DCD              UART4_Handler ;  60: UART4 Rx a
                                                            nd Tx
  143 00000134 00000000        DCD              UART5_Handler ;  61: UART5 Rx a
                                                            nd Tx
  144 00000138 00000000        DCD              UART6_Handler ;  62: UART6 Rx a
                                                            nd Tx
  145 0000013C 00000000        DCD              UART7_Handler ;  63: UART7 Rx a
                                                            nd Tx
  146 00000140 00000000        DCD              0           ;  64: Reserved
  147 00000144 00000000        DCD              0           ;  65: Reserved
  148 00000148 00000000        DCD              0           ;  66: Reserved



ARM Macro Assembler    Page 5 


  149 0000014C 00000000        DCD              0           ;  67: Reserved
  150 00000150 00000000        DCD              I2C2_Handler ;  68: I2C2 Master
                                                             and Slave
  151 00000154 00000000        DCD              I2C3_Handler ;  69: I2C3 Master
                                                             and Slave
  152 00000158 00000000        DCD              TIMER4A_Handler ;  70: Timer 4 
                                                            subtimer A
  153 0000015C 00000000        DCD              TIMER4B_Handler ;  71: Timer 4 
                                                            subtimer B
  154 00000160 00000000        DCD              0           ;  72: Reserved
  155 00000164 00000000        DCD              0           ;  73: Reserved
  156 00000168 00000000        DCD              0           ;  74: Reserved
  157 0000016C 00000000        DCD              0           ;  75: Reserved
  158 00000170 00000000        DCD              0           ;  76: Reserved
  159 00000174 00000000        DCD              0           ;  77: Reserved
  160 00000178 00000000        DCD              0           ;  78: Reserved
  161 0000017C 00000000        DCD              0           ;  79: Reserved
  162 00000180 00000000        DCD              0           ;  80: Reserved
  163 00000184 00000000        DCD              0           ;  81: Reserved
  164 00000188 00000000        DCD              0           ;  82: Reserved
  165 0000018C 00000000        DCD              0           ;  83: Reserved
  166 00000190 00000000        DCD              0           ;  84: Reserved
  167 00000194 00000000        DCD              0           ;  85: Reserved
  168 00000198 00000000        DCD              0           ;  86: Reserved
  169 0000019C 00000000        DCD              0           ;  87: Reserved
  170 000001A0 00000000        DCD              0           ;  88: Reserved
  171 000001A4 00000000        DCD              0           ;  89: Reserved
  172 000001A8 00000000        DCD              0           ;  90: Reserved
  173 000001AC 00000000        DCD              0           ;  91: Reserved
  174 000001B0 00000000        DCD              TIMER5A_Handler ;  92: Timer 5 
                                                            subtimer A
  175 000001B4 00000000        DCD              TIMER5B_Handler ;  93: Timer 5 
                                                            subtimer B
  176 000001B8 00000000        DCD              WTIMER0A_Handler ;  94: Wide Ti
                                                            mer 0 subtimer A
  177 000001BC 00000000        DCD              WTIMER0B_Handler ;  95: Wide Ti
                                                            mer 0 subtimer B
  178 000001C0 00000000        DCD              WTIMER1A_Handler ;  96: Wide Ti
                                                            mer 1 subtimer A
  179 000001C4 00000000        DCD              WTIMER1B_Handler ;  97: Wide Ti
                                                            mer 1 subtimer B
  180 000001C8 00000000        DCD              WTIMER2A_Handler ;  98: Wide Ti
                                                            mer 2 subtimer A
  181 000001CC 00000000        DCD              WTIMER2B_Handler ;  99: Wide Ti
                                                            mer 2 subtimer B
  182 000001D0 00000000        DCD              WTIMER3A_Handler ; 100: Wide Ti
                                                            mer 3 subtimer A
  183 000001D4 00000000        DCD              WTIMER3B_Handler ; 101: Wide Ti
                                                            mer 3 subtimer B
  184 000001D8 00000000        DCD              WTIMER4A_Handler ; 102: Wide Ti
                                                            mer 4 subtimer A
  185 000001DC 00000000        DCD              WTIMER4B_Handler ; 103: Wide Ti
                                                            mer 4 subtimer B
  186 000001E0 00000000        DCD              WTIMER5A_Handler ; 104: Wide Ti
                                                            mer 5 subtimer A
  187 000001E4 00000000        DCD              WTIMER5B_Handler ; 105: Wide Ti
                                                            mer 5 subtimer B
  188 000001E8 00000000        DCD              FPU_Handler ; 106: FPU
  189 000001EC 00000000        DCD              0           ; 107: Reserved



ARM Macro Assembler    Page 6 


  190 000001F0 00000000        DCD              0           ; 108: Reserved
  191 000001F4 00000000        DCD              I2C4_Handler ; 109: I2C4 Master
                                                             and Slave
  192 000001F8 00000000        DCD              I2C5_Handler ; 110: I2C5 Master
                                                             and Slave
  193 000001FC 00000000        DCD              GPIOM_Handler 
                                                            ; 111: GPIO Port M
  194 00000200 00000000        DCD              GPION_Handler 
                                                            ; 112: GPIO Port N
  195 00000204 00000000        DCD              QEI2_Handler ; 113: Quadrature 
                                                            Encoder 2
  196 00000208 00000000        DCD              0           ; 114: Reserved
  197 0000020C 00000000        DCD              0           ; 115: Reserved
  198 00000210 00000000        DCD              GPIOP0_Handler ; 116: GPIO Port
                                                             P (Summary or P0)
  199 00000214 00000000        DCD              GPIOP1_Handler 
                                                            ; 117: GPIO Port P1
                                                            
  200 00000218 00000000        DCD              GPIOP2_Handler 
                                                            ; 118: GPIO Port P2
                                                            
  201 0000021C 00000000        DCD              GPIOP3_Handler 
                                                            ; 119: GPIO Port P3
                                                            
  202 00000220 00000000        DCD              GPIOP4_Handler 
                                                            ; 120: GPIO Port P4
                                                            
  203 00000224 00000000        DCD              GPIOP5_Handler 
                                                            ; 121: GPIO Port P5
                                                            
  204 00000228 00000000        DCD              GPIOP6_Handler 
                                                            ; 122: GPIO Port P6
                                                            
  205 0000022C 00000000        DCD              GPIOP7_Handler 
                                                            ; 123: GPIO Port P7
                                                            
  206 00000230 00000000        DCD              GPIOQ0_Handler ; 124: GPIO Port
                                                             Q (Summary or Q0)
  207 00000234 00000000        DCD              GPIOQ1_Handler 
                                                            ; 125: GPIO Port Q1
                                                            
  208 00000238 00000000        DCD              GPIOQ2_Handler 
                                                            ; 126: GPIO Port Q2
                                                            
  209 0000023C 00000000        DCD              GPIOQ3_Handler 
                                                            ; 127: GPIO Port Q3
                                                            
  210 00000240 00000000        DCD              GPIOQ4_Handler 
                                                            ; 128: GPIO Port Q4
                                                            
  211 00000244 00000000        DCD              GPIOQ5_Handler 
                                                            ; 129: GPIO Port Q5
                                                            
  212 00000248 00000000        DCD              GPIOQ6_Handler 
                                                            ; 130: GPIO Port Q6
                                                            
  213 0000024C 00000000        DCD              GPIOQ7_Handler 
                                                            ; 131: GPIO Port Q7
                                                            



ARM Macro Assembler    Page 7 


  214 00000250 00000000        DCD              GPIOR_Handler 
                                                            ; 132: GPIO Port R
  215 00000254 00000000        DCD              GPIOS_Handler 
                                                            ; 133: GPIO Port S
  216 00000258 00000000        DCD              PMW1_0_Handler ; 134: PWM 1 Gen
                                                            erator 0
  217 0000025C 00000000        DCD              PWM1_1_Handler ; 135: PWM 1 Gen
                                                            erator 1
  218 00000260 00000000        DCD              PWM1_2_Handler ; 136: PWM 1 Gen
                                                            erator 2
  219 00000264 00000000        DCD              PWM1_3_Handler ; 137: PWM 1 Gen
                                                            erator 3
  220 00000268 00000000        DCD              PWM1_FAULT_Handler 
                                                            ; 138: PWM 1 Fault
  221 0000026C         
  222 0000026C         __Vectors_End
  223 0000026C         
  224 0000026C 0000026C 
                       __Vectors_Size
                               EQU              __Vectors_End - __Vectors
  225 0000026C         
  226 0000026C                 AREA             |.text|, CODE, READONLY
  227 00000000         
  228 00000000         
  229 00000000         ; Reset Handler
  230 00000000         
  231 00000000         Reset_Handler
                               PROC
  232 00000000                 EXPORT           Reset_Handler             [WEAK
]
  233 00000000         ; CPACR is located at address 0xE000ED88
  234 00000000 4842            LDR              R0, =0xE000ED88
  235 00000002         ; Read CPACR
  236 00000002 6801            LDR              R1, [R0]
  237 00000004         ; Set bits 20-23 to enable CP10 and CP11 coprocessors
  238 00000004 F441 0170       ORR              R1, R1, #(0xF << 20)
  239 00000008         ; Write back the modified value to the CPACR
  240 00000008 6001            STR              R1, [R0]    ; wait for store to
                                                             complete
  241 0000000A F3BF 8F4F       DSB
  242 0000000E         ;reset pipeline now the FPU is enabled
  243 0000000E F3BF 8F6F       ISB
  244 00000012         
  245 00000012         ;IMPORT  SystemInit
  246 00000012                 IMPORT           __main
  247 00000012         ;LDR     R0, =SystemInit
  248 00000012         ;BLX     R0
  249 00000012 483F            LDR              R0, =__main
  250 00000014 4700            BX               R0
  251 00000016                 ENDP
  252 00000016         
  253 00000016         
  254 00000016         ; Dummy Exception Handlers (infinite loops which can be 
                       modified)
  255 00000016         
  256 00000016         NMI_Handler
                               PROC
  257 00000016                 EXPORT           NMI_Handler               [WEAK
]



ARM Macro Assembler    Page 8 


  258 00000016 E7FE            B                .
  259 00000018                 ENDP
  261 00000018         HardFault_Handler
                               PROC
  262 00000018                 EXPORT           HardFault_Handler         [WEAK
]
  263 00000018 E7FE            B                .
  264 0000001A                 ENDP
  266 0000001A         MemManage_Handler
                               PROC
  267 0000001A                 EXPORT           MemManage_Handler         [WEAK
]
  268 0000001A E7FE            B                .
  269 0000001C                 ENDP
  271 0000001C         BusFault_Handler
                               PROC
  272 0000001C                 EXPORT           BusFault_Handler          [WEAK
]
  273 0000001C E7FE            B                .
  274 0000001E                 ENDP
  276 0000001E         UsageFault_Handler
                               PROC
  277 0000001E                 EXPORT           UsageFault_Handler        [WEAK
]
  278 0000001E E7FE            B                .
  279 00000020                 ENDP
  280 00000020         SVC_Handler
                               PROC
  281 00000020                 EXPORT           SVC_Handler               [WEAK
]
  282 00000020 E7FE            B                .
  283 00000022                 ENDP
  285 00000022         DebugMon_Handler
                               PROC
  286 00000022                 EXPORT           DebugMon_Handler          [WEAK
]
  287 00000022 E7FE            B                .
  288 00000024                 ENDP
  290 00000024         PendSV_Handler
                               PROC
  291 00000024                 EXPORT           PendSV_Handler            [WEAK
]
  292 00000024 E7FE            B                .
  293 00000026                 ENDP
  295 00000026         SysTick_Handler
                               PROC
  296 00000026                 EXPORT           SysTick_Handler           [WEAK
]
  297 00000026 E7FE            B                .
  298 00000028                 ENDP
  299 00000028         
  301 00000028         GPIOA_Handler
                               PROC
  302 00000028                 EXPORT           GPIOA_Handler [WEAK]
  303 00000028 E7FE            B                .
  304 0000002A                 ENDP
  305 0000002A         
  307 0000002A         GPIOB_Handler
                               PROC



ARM Macro Assembler    Page 9 


  308 0000002A                 EXPORT           GPIOB_Handler [WEAK]
  309 0000002A E7FE            B                .
  310 0000002C                 ENDP
  311 0000002C         
  313 0000002C         GPIOC_Handler
                               PROC
  314 0000002C                 EXPORT           GPIOC_Handler [WEAK]
  315 0000002C E7FE            B                .
  316 0000002E                 ENDP
  317 0000002E         
  319 0000002E         GPIOD_Handler
                               PROC
  320 0000002E                 EXPORT           GPIOD_Handler [WEAK]
  321 0000002E E7FE            B                .
  322 00000030                 ENDP
  323 00000030         
  325 00000030         GPIOE_Handler
                               PROC
  326 00000030                 EXPORT           GPIOE_Handler [WEAK]
  327 00000030 E7FE            B                .
  328 00000032                 ENDP
  329 00000032         
  331 00000032         UART0_Handler
                               PROC
  332 00000032                 EXPORT           UART0_Handler [WEAK]
  333 00000032 E7FE            B                .
  334 00000034                 ENDP
  335 00000034         
  337 00000034         UART1_Handler
                               PROC
  338 00000034                 EXPORT           UART1_Handler [WEAK]
  339 00000034 E7FE            B                .
  340 00000036                 ENDP
  341 00000036         
  343 00000036         SSI0_Handler
                               PROC
  344 00000036                 EXPORT           SSI0_Handler [WEAK]
  345 00000036 E7FE            B                .
  346 00000038                 ENDP
  347 00000038         
  349 00000038         I2C0_Handler
                               PROC
  350 00000038                 EXPORT           I2C0_Handler [WEAK]
  351 00000038 E7FE            B                .
  352 0000003A                 ENDP
  353 0000003A         
  355 0000003A         PMW0_FAULT_Handler
                               PROC
  356 0000003A                 EXPORT           PMW0_FAULT_Handler [WEAK]
  357 0000003A E7FE            B                .
  358 0000003C                 ENDP
  359 0000003C         
  361 0000003C         PWM0_0_Handler
                               PROC
  362 0000003C                 EXPORT           PWM0_0_Handler [WEAK]
  363 0000003C E7FE            B                .
  364 0000003E                 ENDP
  365 0000003E         
  367 0000003E         PWM0_1_Handler



ARM Macro Assembler    Page 10 


                               PROC
  368 0000003E                 EXPORT           PWM0_1_Handler [WEAK]
  369 0000003E E7FE            B                .
  370 00000040                 ENDP
  371 00000040         
  373 00000040         PWM0_2_Handler
                               PROC
  374 00000040                 EXPORT           PWM0_2_Handler [WEAK]
  375 00000040 E7FE            B                .
  376 00000042                 ENDP
  377 00000042         
  379 00000042         QEI0_Handler
                               PROC
  380 00000042                 EXPORT           QEI0_Handler [WEAK]
  381 00000042 E7FE            B                .
  382 00000044                 ENDP
  383 00000044         
  385 00000044         ADC0SS0_Handler
                               PROC
  386 00000044                 EXPORT           ADC0SS0_Handler [WEAK]
  387 00000044 E7FE            B                .
  388 00000046                 ENDP
  389 00000046         
  391 00000046         ADC0SS1_Handler
                               PROC
  392 00000046                 EXPORT           ADC0SS1_Handler [WEAK]
  393 00000046 E7FE            B                .
  394 00000048                 ENDP
  395 00000048         
  397 00000048         ADC0SS2_Handler
                               PROC
  398 00000048                 EXPORT           ADC0SS2_Handler [WEAK]
  399 00000048 E7FE            B                .
  400 0000004A                 ENDP
  401 0000004A         
  403 0000004A         ADC0SS3_Handler
                               PROC
  404 0000004A                 EXPORT           ADC0SS3_Handler [WEAK]
  405 0000004A E7FE            B                .
  406 0000004C                 ENDP
  407 0000004C         
  409 0000004C         WDT0_Handler
                               PROC
  410 0000004C                 EXPORT           WDT0_Handler [WEAK]
  411 0000004C E7FE            B                .
  412 0000004E                 ENDP
  413 0000004E         
  415 0000004E         TIMER0A_Handler
                               PROC
  416 0000004E                 EXPORT           TIMER0A_Handler [WEAK]
  417 0000004E E7FE            B                .
  418 00000050                 ENDP
  419 00000050         
  421 00000050         TIMER0B_Handler
                               PROC
  422 00000050                 EXPORT           TIMER0B_Handler [WEAK]
  423 00000050 E7FE            B                .
  424 00000052                 ENDP
  425 00000052         



ARM Macro Assembler    Page 11 


  427 00000052         TIMER1A_Handler
                               PROC
  428 00000052                 EXPORT           TIMER1A_Handler [WEAK]
  429 00000052 E7FE            B                .
  430 00000054                 ENDP
  431 00000054         
  433 00000054         TIMER1B_Handler
                               PROC
  434 00000054                 EXPORT           TIMER1B_Handler [WEAK]
  435 00000054 E7FE            B                .
  436 00000056                 ENDP
  437 00000056         
  439 00000056         TIMER2A_Handler
                               PROC
  440 00000056                 EXPORT           TIMER2A_Handler [WEAK]
  441 00000056 E7FE            B                .
  442 00000058                 ENDP
  443 00000058         
  445 00000058         TIMER2B_Handler
                               PROC
  446 00000058                 EXPORT           TIMER2B_Handler [WEAK]
  447 00000058 E7FE            B                .
  448 0000005A                 ENDP
  449 0000005A         
  451 0000005A         COMP0_Handler
                               PROC
  452 0000005A                 EXPORT           COMP0_Handler [WEAK]
  453 0000005A E7FE            B                .
  454 0000005C                 ENDP
  455 0000005C         
  457 0000005C         COMP1_Handler
                               PROC
  458 0000005C                 EXPORT           COMP1_Handler [WEAK]
  459 0000005C E7FE            B                .
  460 0000005E                 ENDP
  461 0000005E         
  463 0000005E         COMP2_Handler
                               PROC
  464 0000005E                 EXPORT           COMP2_Handler [WEAK]
  465 0000005E E7FE            B                .
  466 00000060                 ENDP
  467 00000060         
  469 00000060         SYSCTL_Handler
                               PROC
  470 00000060                 EXPORT           SYSCTL_Handler [WEAK]
  471 00000060 E7FE            B                .
  472 00000062                 ENDP
  473 00000062         
  475 00000062         FLASH_Handler
                               PROC
  476 00000062                 EXPORT           FLASH_Handler [WEAK]
  477 00000062 E7FE            B                .
  478 00000064                 ENDP
  479 00000064         
  481 00000064         GPIOF_Handler
                               PROC
  482 00000064                 EXPORT           GPIOF_Handler [WEAK]
  483 00000064 E7FE            B                .
  484 00000066                 ENDP



ARM Macro Assembler    Page 12 


  485 00000066         
  487 00000066         GPIOG_Handler
                               PROC
  488 00000066                 EXPORT           GPIOG_Handler [WEAK]
  489 00000066 E7FE            B                .
  490 00000068                 ENDP
  491 00000068         
  493 00000068         GPIOH_Handler
                               PROC
  494 00000068                 EXPORT           GPIOH_Handler [WEAK]
  495 00000068 E7FE            B                .
  496 0000006A                 ENDP
  497 0000006A         
  499 0000006A         UART2_Handler
                               PROC
  500 0000006A                 EXPORT           UART2_Handler [WEAK]
  501 0000006A E7FE            B                .
  502 0000006C                 ENDP
  503 0000006C         
  505 0000006C         SSI1_Handler
                               PROC
  506 0000006C                 EXPORT           SSI1_Handler [WEAK]
  507 0000006C E7FE            B                .
  508 0000006E                 ENDP
  509 0000006E         
  511 0000006E         TIMER3A_Handler
                               PROC
  512 0000006E                 EXPORT           TIMER3A_Handler [WEAK]
  513 0000006E E7FE            B                .
  514 00000070                 ENDP
  515 00000070         
  517 00000070         TIMER3B_Handler
                               PROC
  518 00000070                 EXPORT           TIMER3B_Handler [WEAK]
  519 00000070 E7FE            B                .
  520 00000072                 ENDP
  521 00000072         
  523 00000072         I2C1_Handler
                               PROC
  524 00000072                 EXPORT           I2C1_Handler [WEAK]
  525 00000072 E7FE            B                .
  526 00000074                 ENDP
  527 00000074         
  529 00000074         QEI1_Handler
                               PROC
  530 00000074                 EXPORT           QEI1_Handler [WEAK]
  531 00000074 E7FE            B                .
  532 00000076                 ENDP
  533 00000076         
  535 00000076         CAN0_Handler
                               PROC
  536 00000076                 EXPORT           CAN0_Handler [WEAK]
  537 00000076 E7FE            B                .
  538 00000078                 ENDP
  539 00000078         
  541 00000078         CAN1_Handler
                               PROC
  542 00000078                 EXPORT           CAN1_Handler [WEAK]
  543 00000078 E7FE            B                .



ARM Macro Assembler    Page 13 


  544 0000007A                 ENDP
  545 0000007A         
  547 0000007A         CAN2_Handler
                               PROC
  548 0000007A                 EXPORT           CAN2_Handler [WEAK]
  549 0000007A E7FE            B                .
  550 0000007C                 ENDP
  551 0000007C         
  553 0000007C         HIB_Handler
                               PROC
  554 0000007C                 EXPORT           HIB_Handler [WEAK]
  555 0000007C E7FE            B                .
  556 0000007E                 ENDP
  557 0000007E         
  559 0000007E         USB0_Handler
                               PROC
  560 0000007E                 EXPORT           USB0_Handler [WEAK]
  561 0000007E E7FE            B                .
  562 00000080                 ENDP
  563 00000080         
  565 00000080         PWM0_3_Handler
                               PROC
  566 00000080                 EXPORT           PWM0_3_Handler [WEAK]
  567 00000080 E7FE            B                .
  568 00000082                 ENDP
  569 00000082         
  571 00000082         UDMA_Handler
                               PROC
  572 00000082                 EXPORT           UDMA_Handler [WEAK]
  573 00000082 E7FE            B                .
  574 00000084                 ENDP
  575 00000084         
  577 00000084         UDMAERR_Handler
                               PROC
  578 00000084                 EXPORT           UDMAERR_Handler [WEAK]
  579 00000084 E7FE            B                .
  580 00000086                 ENDP
  581 00000086         
  583 00000086         ADC1SS0_Handler
                               PROC
  584 00000086                 EXPORT           ADC1SS0_Handler [WEAK]
  585 00000086 E7FE            B                .
  586 00000088                 ENDP
  587 00000088         
  589 00000088         ADC1SS1_Handler
                               PROC
  590 00000088                 EXPORT           ADC1SS1_Handler [WEAK]
  591 00000088 E7FE            B                .
  592 0000008A                 ENDP
  593 0000008A         
  595 0000008A         ADC1SS2_Handler
                               PROC
  596 0000008A                 EXPORT           ADC1SS2_Handler [WEAK]
  597 0000008A E7FE            B                .
  598 0000008C                 ENDP
  599 0000008C         
  601 0000008C         ADC1SS3_Handler
                               PROC
  602 0000008C                 EXPORT           ADC1SS3_Handler [WEAK]



ARM Macro Assembler    Page 14 


  603 0000008C E7FE            B                .
  604 0000008E                 ENDP
  605 0000008E         
  607 0000008E         GPIOJ_Handler
                               PROC
  608 0000008E                 EXPORT           GPIOJ_Handler [WEAK]
  609 0000008E E7FE            B                .
  610 00000090                 ENDP
  611 00000090         
  613 00000090         GPIOK_Handler
                               PROC
  614 00000090                 EXPORT           GPIOK_Handler [WEAK]
  615 00000090 E7FE            B                .
  616 00000092                 ENDP
  617 00000092         
  619 00000092         GPIOL_Handler
                               PROC
  620 00000092                 EXPORT           GPIOL_Handler [WEAK]
  621 00000092 E7FE            B                .
  622 00000094                 ENDP
  623 00000094         
  625 00000094         SSI2_Handler
                               PROC
  626 00000094                 EXPORT           SSI2_Handler [WEAK]
  627 00000094 E7FE            B                .
  628 00000096                 ENDP
  629 00000096         
  631 00000096         SSI3_Handler
                               PROC
  632 00000096                 EXPORT           SSI3_Handler [WEAK]
  633 00000096 E7FE            B                .
  634 00000098                 ENDP
  635 00000098         
  637 00000098         UART3_Handler
                               PROC
  638 00000098                 EXPORT           UART3_Handler [WEAK]
  639 00000098 E7FE            B                .
  640 0000009A                 ENDP
  641 0000009A         
  643 0000009A         UART4_Handler
                               PROC
  644 0000009A                 EXPORT           UART4_Handler [WEAK]
  645 0000009A E7FE            B                .
  646 0000009C                 ENDP
  647 0000009C         
  649 0000009C         UART5_Handler
                               PROC
  650 0000009C                 EXPORT           UART5_Handler [WEAK]
  651 0000009C E7FE            B                .
  652 0000009E                 ENDP
  653 0000009E         
  655 0000009E         UART6_Handler
                               PROC
  656 0000009E                 EXPORT           UART6_Handler [WEAK]
  657 0000009E E7FE            B                .
  658 000000A0                 ENDP
  659 000000A0         
  661 000000A0         UART7_Handler
                               PROC



ARM Macro Assembler    Page 15 


  662 000000A0                 EXPORT           UART7_Handler [WEAK]
  663 000000A0 E7FE            B                .
  664 000000A2                 ENDP
  665 000000A2         
  667 000000A2         I2C2_Handler
                               PROC
  668 000000A2                 EXPORT           I2C2_Handler [WEAK]
  669 000000A2 E7FE            B                .
  670 000000A4                 ENDP
  671 000000A4         
  673 000000A4         I2C3_Handler
                               PROC
  674 000000A4                 EXPORT           I2C3_Handler [WEAK]
  675 000000A4 E7FE            B                .
  676 000000A6                 ENDP
  677 000000A6         
  679 000000A6         TIMER4A_Handler
                               PROC
  680 000000A6                 EXPORT           TIMER4A_Handler [WEAK]
  681 000000A6 E7FE            B                .
  682 000000A8                 ENDP
  683 000000A8         
  685 000000A8         TIMER4B_Handler
                               PROC
  686 000000A8                 EXPORT           TIMER4B_Handler [WEAK]
  687 000000A8 E7FE            B                .
  688 000000AA                 ENDP
  689 000000AA         
  691 000000AA         TIMER5A_Handler
                               PROC
  692 000000AA                 EXPORT           TIMER5A_Handler [WEAK]
  693 000000AA E7FE            B                .
  694 000000AC                 ENDP
  695 000000AC         
  697 000000AC         TIMER5B_Handler
                               PROC
  698 000000AC                 EXPORT           TIMER5B_Handler [WEAK]
  699 000000AC E7FE            B                .
  700 000000AE                 ENDP
  701 000000AE         
  703 000000AE         WTIMER0A_Handler
                               PROC
  704 000000AE                 EXPORT           WTIMER0A_Handler [WEAK]
  705 000000AE E7FE            B                .
  706 000000B0                 ENDP
  707 000000B0         
  709 000000B0         WTIMER0B_Handler
                               PROC
  710 000000B0                 EXPORT           WTIMER0B_Handler [WEAK]
  711 000000B0 E7FE            B                .
  712 000000B2                 ENDP
  713 000000B2         
  715 000000B2         WTIMER1A_Handler
                               PROC
  716 000000B2                 EXPORT           WTIMER1A_Handler [WEAK]
  717 000000B2 E7FE            B                .
  718 000000B4                 ENDP
  719 000000B4         
  721 000000B4         WTIMER1B_Handler



ARM Macro Assembler    Page 16 


                               PROC
  722 000000B4                 EXPORT           WTIMER1B_Handler [WEAK]
  723 000000B4 E7FE            B                .
  724 000000B6                 ENDP
  725 000000B6         
  727 000000B6         WTIMER2A_Handler
                               PROC
  728 000000B6                 EXPORT           WTIMER2A_Handler [WEAK]
  729 000000B6 E7FE            B                .
  730 000000B8                 ENDP
  731 000000B8         
  733 000000B8         WTIMER2B_Handler
                               PROC
  734 000000B8                 EXPORT           WTIMER2B_Handler [WEAK]
  735 000000B8 E7FE            B                .
  736 000000BA                 ENDP
  737 000000BA         
  739 000000BA         WTIMER3A_Handler
                               PROC
  740 000000BA                 EXPORT           WTIMER3A_Handler [WEAK]
  741 000000BA E7FE            B                .
  742 000000BC                 ENDP
  743 000000BC         
  745 000000BC         WTIMER3B_Handler
                               PROC
  746 000000BC                 EXPORT           WTIMER3B_Handler [WEAK]
  747 000000BC E7FE            B                .
  748 000000BE                 ENDP
  749 000000BE         
  751 000000BE         WTIMER4A_Handler
                               PROC
  752 000000BE                 EXPORT           WTIMER4A_Handler [WEAK]
  753 000000BE E7FE            B                .
  754 000000C0                 ENDP
  755 000000C0         
  757 000000C0         WTIMER4B_Handler
                               PROC
  758 000000C0                 EXPORT           WTIMER4B_Handler [WEAK]
  759 000000C0 E7FE            B                .
  760 000000C2                 ENDP
  761 000000C2         
  763 000000C2         WTIMER5A_Handler
                               PROC
  764 000000C2                 EXPORT           WTIMER5A_Handler [WEAK]
  765 000000C2 E7FE            B                .
  766 000000C4                 ENDP
  767 000000C4         
  769 000000C4         WTIMER5B_Handler
                               PROC
  770 000000C4                 EXPORT           WTIMER5B_Handler [WEAK]
  771 000000C4 E7FE            B                .
  772 000000C6                 ENDP
  773 000000C6         
  775 000000C6         FPU_Handler
                               PROC
  776 000000C6                 EXPORT           FPU_Handler [WEAK]
  777 000000C6 E7FE            B                .
  778 000000C8                 ENDP
  779 000000C8         



ARM Macro Assembler    Page 17 


  781 000000C8         I2C4_Handler
                               PROC
  782 000000C8                 EXPORT           I2C4_Handler [WEAK]
  783 000000C8 E7FE            B                .
  784 000000CA                 ENDP
  785 000000CA         
  787 000000CA         I2C5_Handler
                               PROC
  788 000000CA                 EXPORT           I2C5_Handler [WEAK]
  789 000000CA E7FE            B                .
  790 000000CC                 ENDP
  791 000000CC         
  793 000000CC         GPIOM_Handler
                               PROC
  794 000000CC                 EXPORT           GPIOM_Handler [WEAK]
  795 000000CC E7FE            B                .
  796 000000CE                 ENDP
  797 000000CE         
  799 000000CE         GPION_Handler
                               PROC
  800 000000CE                 EXPORT           GPION_Handler [WEAK]
  801 000000CE E7FE            B                .
  802 000000D0                 ENDP
  803 000000D0         
  805 000000D0         QEI2_Handler
                               PROC
  806 000000D0                 EXPORT           QEI2_Handler [WEAK]
  807 000000D0 E7FE            B                .
  808 000000D2                 ENDP
  809 000000D2         
  811 000000D2         GPIOP0_Handler
                               PROC
  812 000000D2                 EXPORT           GPIOP0_Handler [WEAK]
  813 000000D2 E7FE            B                .
  814 000000D4                 ENDP
  815 000000D4         
  817 000000D4         GPIOP1_Handler
                               PROC
  818 000000D4                 EXPORT           GPIOP1_Handler [WEAK]
  819 000000D4 E7FE            B                .
  820 000000D6                 ENDP
  821 000000D6         
  823 000000D6         GPIOP2_Handler
                               PROC
  824 000000D6                 EXPORT           GPIOP2_Handler [WEAK]
  825 000000D6 E7FE            B                .
  826 000000D8                 ENDP
  827 000000D8         
  829 000000D8         GPIOP3_Handler
                               PROC
  830 000000D8                 EXPORT           GPIOP3_Handler [WEAK]
  831 000000D8 E7FE            B                .
  832 000000DA                 ENDP
  833 000000DA         
  835 000000DA         GPIOP4_Handler
                               PROC
  836 000000DA                 EXPORT           GPIOP4_Handler [WEAK]
  837 000000DA E7FE            B                .
  838 000000DC                 ENDP



ARM Macro Assembler    Page 18 


  839 000000DC         
  841 000000DC         GPIOP5_Handler
                               PROC
  842 000000DC                 EXPORT           GPIOP5_Handler [WEAK]
  843 000000DC E7FE            B                .
  844 000000DE                 ENDP
  845 000000DE         
  847 000000DE         GPIOP6_Handler
                               PROC
  848 000000DE                 EXPORT           GPIOP6_Handler [WEAK]
  849 000000DE E7FE            B                .
  850 000000E0                 ENDP
  851 000000E0         
  853 000000E0         GPIOP7_Handler
                               PROC
  854 000000E0                 EXPORT           GPIOP7_Handler [WEAK]
  855 000000E0 E7FE            B                .
  856 000000E2                 ENDP
  857 000000E2         
  859 000000E2         GPIOQ0_Handler
                               PROC
  860 000000E2                 EXPORT           GPIOQ0_Handler [WEAK]
  861 000000E2 E7FE            B                .
  862 000000E4                 ENDP
  863 000000E4         
  865 000000E4         GPIOQ1_Handler
                               PROC
  866 000000E4                 EXPORT           GPIOQ1_Handler [WEAK]
  867 000000E4 E7FE            B                .
  868 000000E6                 ENDP
  869 000000E6         
  871 000000E6         GPIOQ2_Handler
                               PROC
  872 000000E6                 EXPORT           GPIOQ2_Handler [WEAK]
  873 000000E6 E7FE            B                .
  874 000000E8                 ENDP
  875 000000E8         
  877 000000E8         GPIOQ3_Handler
                               PROC
  878 000000E8                 EXPORT           GPIOQ3_Handler [WEAK]
  879 000000E8 E7FE            B                .
  880 000000EA                 ENDP
  881 000000EA         
  883 000000EA         GPIOQ4_Handler
                               PROC
  884 000000EA                 EXPORT           GPIOQ4_Handler [WEAK]
  885 000000EA E7FE            B                .
  886 000000EC                 ENDP
  887 000000EC         
  889 000000EC         GPIOQ5_Handler
                               PROC
  890 000000EC                 EXPORT           GPIOQ5_Handler [WEAK]
  891 000000EC E7FE            B                .
  892 000000EE                 ENDP
  893 000000EE         
  895 000000EE         GPIOQ6_Handler
                               PROC
  896 000000EE                 EXPORT           GPIOQ6_Handler [WEAK]
  897 000000EE E7FE            B                .



ARM Macro Assembler    Page 19 


  898 000000F0                 ENDP
  899 000000F0         
  901 000000F0         GPIOQ7_Handler
                               PROC
  902 000000F0                 EXPORT           GPIOQ7_Handler [WEAK]
  903 000000F0 E7FE            B                .
  904 000000F2                 ENDP
  905 000000F2         
  907 000000F2         GPIOR_Handler
                               PROC
  908 000000F2                 EXPORT           GPIOR_Handler [WEAK]
  909 000000F2 E7FE            B                .
  910 000000F4                 ENDP
  911 000000F4         
  913 000000F4         GPIOS_Handler
                               PROC
  914 000000F4                 EXPORT           GPIOS_Handler [WEAK]
  915 000000F4 E7FE            B                .
  916 000000F6                 ENDP
  917 000000F6         
  919 000000F6         PMW1_0_Handler
                               PROC
  920 000000F6                 EXPORT           PMW1_0_Handler [WEAK]
  921 000000F6 E7FE            B                .
  922 000000F8                 ENDP
  923 000000F8         
  925 000000F8         PWM1_1_Handler
                               PROC
  926 000000F8                 EXPORT           PWM1_1_Handler [WEAK]
  927 000000F8 E7FE            B                .
  928 000000FA                 ENDP
  929 000000FA         
  931 000000FA         PWM1_2_Handler
                               PROC
  932 000000FA                 EXPORT           PWM1_2_Handler [WEAK]
  933 000000FA E7FE            B                .
  934 000000FC                 ENDP
  935 000000FC         
  937 000000FC         PWM1_3_Handler
                               PROC
  938 000000FC                 EXPORT           PWM1_3_Handler [WEAK]
  939 000000FC E7FE            B                .
  940 000000FE                 ENDP
  941 000000FE         
  943 000000FE         PWM1_FAULT_Handler
                               PROC
  944 000000FE                 EXPORT           PWM1_FAULT_Handler [WEAK]
  945 000000FE E7FE            B                .
  946 00000100                 ENDP
  947 00000100         
  948 00000100                 ALIGN
  949 00000100         
  950 00000100         
  951 00000100         ; User Initial Stack & Heap
  952 00000100         
  953 00000100                 IF               :DEF:__MICROLIB
  960 00000100         
  961 00000100                 IMPORT           __use_two_region_memory
  962 00000100                 EXPORT           __user_initial_stackheap



ARM Macro Assembler    Page 20 


  963 00000100         __user_initial_stackheap
  964 00000100         
  965 00000100 4804            LDR              R0, =  Heap_Mem
  966 00000102 4905            LDR              R1, =(Stack_Mem + Stack_Size)
  967 00000104 4A03            LDR              R2, = (Heap_Mem +  Heap_Size)
  968 00000106 4B05            LDR              R3, = Stack_Mem
  969 00000108 4770            BX               LR
  970 0000010A         
  971 0000010A 00 00           ALIGN
  972 0000010C         
  973 0000010C                 ENDIF
  974 0000010C         
  975 0000010C         
  976 0000010C                 END
              E000ED88 
              00000000 
              00000000 
              00000200 
              00000000 
Command Line: --debug --xref --cpu=Cortex-M4.fp --apcs=interwork --depend=.\sta
rtup_tm4c123.d -o.\startup_tm4c123.o -IC:\Keil\ARM\RV31\INC -IC:\Keil\ARM\CMSIS
\Include -IC:\Keil\ARM\Inc\TI\TM4C123 --predefine="__EVAL SETA 1" --list=.\star
tup_tm4c123.lst startup_TM4C123.s



ARM Macro Assembler    Page 1 Alphabetic symbol ordering
Relocatable symbols

STACK 00000000

Symbol: STACK
   Definitions
      At line 35 in file startup_TM4C123.s
   Uses
      None
Comment: STACK unused
Stack_Mem 00000000

Symbol: Stack_Mem
   Definitions
      At line 36 in file startup_TM4C123.s
   Uses
      At line 966 in file startup_TM4C123.s
      At line 968 in file startup_TM4C123.s

__initial_sp 00000200

Symbol: __initial_sp
   Definitions
      At line 37 in file startup_TM4C123.s
   Uses
      At line 63 in file startup_TM4C123.s
Comment: __initial_sp used once
3 symbols



ARM Macro Assembler    Page 1 Alphabetic symbol ordering
Relocatable symbols

HEAP 00000000

Symbol: HEAP
   Definitions
      At line 46 in file startup_TM4C123.s
   Uses
      None
Comment: HEAP unused
Heap_Mem 00000000

Symbol: Heap_Mem
   Definitions
      At line 48 in file startup_TM4C123.s
   Uses
      At line 965 in file startup_TM4C123.s
      At line 967 in file startup_TM4C123.s

__heap_base 00000000

Symbol: __heap_base
   Definitions
      At line 47 in file startup_TM4C123.s
   Uses
      None
Comment: __heap_base unused
__heap_limit 00000000

Symbol: __heap_limit
   Definitions
      At line 49 in file startup_TM4C123.s
   Uses
      None
Comment: __heap_limit unused
4 symbols



ARM Macro Assembler    Page 1 Alphabetic symbol ordering
Relocatable symbols

RESET 00000000

Symbol: RESET
   Definitions
      At line 58 in file startup_TM4C123.s
   Uses
      None
Comment: RESET unused
__Vectors 00000000

Symbol: __Vectors
   Definitions
      At line 63 in file startup_TM4C123.s
   Uses
      At line 59 in file startup_TM4C123.s
      At line 224 in file startup_TM4C123.s

__Vectors_End 0000026C

Symbol: __Vectors_End
   Definitions
      At line 222 in file startup_TM4C123.s
   Uses
      At line 60 in file startup_TM4C123.s
      At line 224 in file startup_TM4C123.s

3 symbols



ARM Macro Assembler    Page 1 Alphabetic symbol ordering
Relocatable symbols

.text 00000000

Symbol: .text
   Definitions
      At line 226 in file startup_TM4C123.s
   Uses
      None
Comment: .text unused
ADC0SS0_Handler 00000044

Symbol: ADC0SS0_Handler
   Definitions
      At line 385 in file startup_TM4C123.s
   Uses
      At line 96 in file startup_TM4C123.s
      At line 386 in file startup_TM4C123.s

ADC0SS1_Handler 00000046

Symbol: ADC0SS1_Handler
   Definitions
      At line 391 in file startup_TM4C123.s
   Uses
      At line 97 in file startup_TM4C123.s
      At line 392 in file startup_TM4C123.s

ADC0SS2_Handler 00000048

Symbol: ADC0SS2_Handler
   Definitions
      At line 397 in file startup_TM4C123.s
   Uses
      At line 98 in file startup_TM4C123.s
      At line 398 in file startup_TM4C123.s

ADC0SS3_Handler 0000004A

Symbol: ADC0SS3_Handler
   Definitions
      At line 403 in file startup_TM4C123.s
   Uses
      At line 99 in file startup_TM4C123.s
      At line 404 in file startup_TM4C123.s

ADC1SS0_Handler 00000086

Symbol: ADC1SS0_Handler
   Definitions
      At line 583 in file startup_TM4C123.s
   Uses
      At line 130 in file startup_TM4C123.s
      At line 584 in file startup_TM4C123.s

ADC1SS1_Handler 00000088

Symbol: ADC1SS1_Handler
   Definitions
      At line 589 in file startup_TM4C123.s
   Uses



ARM Macro Assembler    Page 2 Alphabetic symbol ordering
Relocatable symbols

      At line 131 in file startup_TM4C123.s
      At line 590 in file startup_TM4C123.s

ADC1SS2_Handler 0000008A

Symbol: ADC1SS2_Handler
   Definitions
      At line 595 in file startup_TM4C123.s
   Uses
      At line 132 in file startup_TM4C123.s
      At line 596 in file startup_TM4C123.s

ADC1SS3_Handler 0000008C

Symbol: ADC1SS3_Handler
   Definitions
      At line 601 in file startup_TM4C123.s
   Uses
      At line 133 in file startup_TM4C123.s
      At line 602 in file startup_TM4C123.s

BusFault_Handler 0000001C

Symbol: BusFault_Handler
   Definitions
      At line 271 in file startup_TM4C123.s
   Uses
      At line 68 in file startup_TM4C123.s
      At line 272 in file startup_TM4C123.s

CAN0_Handler 00000076

Symbol: CAN0_Handler
   Definitions
      At line 535 in file startup_TM4C123.s
   Uses
      At line 121 in file startup_TM4C123.s
      At line 536 in file startup_TM4C123.s

CAN1_Handler 00000078

Symbol: CAN1_Handler
   Definitions
      At line 541 in file startup_TM4C123.s
   Uses
      At line 122 in file startup_TM4C123.s
      At line 542 in file startup_TM4C123.s

CAN2_Handler 0000007A

Symbol: CAN2_Handler
   Definitions
      At line 547 in file startup_TM4C123.s
   Uses
      At line 123 in file startup_TM4C123.s
      At line 548 in file startup_TM4C123.s

COMP0_Handler 0000005A




ARM Macro Assembler    Page 3 Alphabetic symbol ordering
Relocatable symbols

Symbol: COMP0_Handler
   Definitions
      At line 451 in file startup_TM4C123.s
   Uses
      At line 107 in file startup_TM4C123.s
      At line 452 in file startup_TM4C123.s

COMP1_Handler 0000005C

Symbol: COMP1_Handler
   Definitions
      At line 457 in file startup_TM4C123.s
   Uses
      At line 108 in file startup_TM4C123.s
      At line 458 in file startup_TM4C123.s

COMP2_Handler 0000005E

Symbol: COMP2_Handler
   Definitions
      At line 463 in file startup_TM4C123.s
   Uses
      At line 109 in file startup_TM4C123.s
      At line 464 in file startup_TM4C123.s

DebugMon_Handler 00000022

Symbol: DebugMon_Handler
   Definitions
      At line 285 in file startup_TM4C123.s
   Uses
      At line 75 in file startup_TM4C123.s
      At line 286 in file startup_TM4C123.s

FLASH_Handler 00000062

Symbol: FLASH_Handler
   Definitions
      At line 475 in file startup_TM4C123.s
   Uses
      At line 111 in file startup_TM4C123.s
      At line 476 in file startup_TM4C123.s

FPU_Handler 000000C6

Symbol: FPU_Handler
   Definitions
      At line 775 in file startup_TM4C123.s
   Uses
      At line 188 in file startup_TM4C123.s
      At line 776 in file startup_TM4C123.s

GPIOA_Handler 00000028

Symbol: GPIOA_Handler
   Definitions
      At line 301 in file startup_TM4C123.s
   Uses
      At line 82 in file startup_TM4C123.s



ARM Macro Assembler    Page 4 Alphabetic symbol ordering
Relocatable symbols

      At line 302 in file startup_TM4C123.s

GPIOB_Handler 0000002A

Symbol: GPIOB_Handler
   Definitions
      At line 307 in file startup_TM4C123.s
   Uses
      At line 83 in file startup_TM4C123.s
      At line 308 in file startup_TM4C123.s

GPIOC_Handler 0000002C

Symbol: GPIOC_Handler
   Definitions
      At line 313 in file startup_TM4C123.s
   Uses
      At line 84 in file startup_TM4C123.s
      At line 314 in file startup_TM4C123.s

GPIOD_Handler 0000002E

Symbol: GPIOD_Handler
   Definitions
      At line 319 in file startup_TM4C123.s
   Uses
      At line 85 in file startup_TM4C123.s
      At line 320 in file startup_TM4C123.s

GPIOE_Handler 00000030

Symbol: GPIOE_Handler
   Definitions
      At line 325 in file startup_TM4C123.s
   Uses
      At line 86 in file startup_TM4C123.s
      At line 326 in file startup_TM4C123.s

GPIOF_Handler 00000064

Symbol: GPIOF_Handler
   Definitions
      At line 481 in file startup_TM4C123.s
   Uses
      At line 112 in file startup_TM4C123.s
      At line 482 in file startup_TM4C123.s

GPIOG_Handler 00000066

Symbol: GPIOG_Handler
   Definitions
      At line 487 in file startup_TM4C123.s
   Uses
      At line 113 in file startup_TM4C123.s
      At line 488 in file startup_TM4C123.s

GPIOH_Handler 00000068

Symbol: GPIOH_Handler



ARM Macro Assembler    Page 5 Alphabetic symbol ordering
Relocatable symbols

   Definitions
      At line 493 in file startup_TM4C123.s
   Uses
      At line 114 in file startup_TM4C123.s
      At line 494 in file startup_TM4C123.s

GPIOJ_Handler 0000008E

Symbol: GPIOJ_Handler
   Definitions
      At line 607 in file startup_TM4C123.s
   Uses
      At line 136 in file startup_TM4C123.s
      At line 608 in file startup_TM4C123.s

GPIOK_Handler 00000090

Symbol: GPIOK_Handler
   Definitions
      At line 613 in file startup_TM4C123.s
   Uses
      At line 137 in file startup_TM4C123.s
      At line 614 in file startup_TM4C123.s

GPIOL_Handler 00000092

Symbol: GPIOL_Handler
   Definitions
      At line 619 in file startup_TM4C123.s
   Uses
      At line 138 in file startup_TM4C123.s
      At line 620 in file startup_TM4C123.s

GPIOM_Handler 000000CC

Symbol: GPIOM_Handler
   Definitions
      At line 793 in file startup_TM4C123.s
   Uses
      At line 193 in file startup_TM4C123.s
      At line 794 in file startup_TM4C123.s

GPION_Handler 000000CE

Symbol: GPION_Handler
   Definitions
      At line 799 in file startup_TM4C123.s
   Uses
      At line 194 in file startup_TM4C123.s
      At line 800 in file startup_TM4C123.s

GPIOP0_Handler 000000D2

Symbol: GPIOP0_Handler
   Definitions
      At line 811 in file startup_TM4C123.s
   Uses
      At line 198 in file startup_TM4C123.s
      At line 812 in file startup_TM4C123.s



ARM Macro Assembler    Page 6 Alphabetic symbol ordering
Relocatable symbols


GPIOP1_Handler 000000D4

Symbol: GPIOP1_Handler
   Definitions
      At line 817 in file startup_TM4C123.s
   Uses
      At line 199 in file startup_TM4C123.s
      At line 818 in file startup_TM4C123.s

GPIOP2_Handler 000000D6

Symbol: GPIOP2_Handler
   Definitions
      At line 823 in file startup_TM4C123.s
   Uses
      At line 200 in file startup_TM4C123.s
      At line 824 in file startup_TM4C123.s

GPIOP3_Handler 000000D8

Symbol: GPIOP3_Handler
   Definitions
      At line 829 in file startup_TM4C123.s
   Uses
      At line 201 in file startup_TM4C123.s
      At line 830 in file startup_TM4C123.s

GPIOP4_Handler 000000DA

Symbol: GPIOP4_Handler
   Definitions
      At line 835 in file startup_TM4C123.s
   Uses
      At line 202 in file startup_TM4C123.s
      At line 836 in file startup_TM4C123.s

GPIOP5_Handler 000000DC

Symbol: GPIOP5_Handler
   Definitions
      At line 841 in file startup_TM4C123.s
   Uses
      At line 203 in file startup_TM4C123.s
      At line 842 in file startup_TM4C123.s

GPIOP6_Handler 000000DE

Symbol: GPIOP6_Handler
   Definitions
      At line 847 in file startup_TM4C123.s
   Uses
      At line 204 in file startup_TM4C123.s
      At line 848 in file startup_TM4C123.s

GPIOP7_Handler 000000E0

Symbol: GPIOP7_Handler
   Definitions



ARM Macro Assembler    Page 7 Alphabetic symbol ordering
Relocatable symbols

      At line 853 in file startup_TM4C123.s
   Uses
      At line 205 in file startup_TM4C123.s
      At line 854 in file startup_TM4C123.s

GPIOQ0_Handler 000000E2

Symbol: GPIOQ0_Handler
   Definitions
      At line 859 in file startup_TM4C123.s
   Uses
      At line 206 in file startup_TM4C123.s
      At line 860 in file startup_TM4C123.s

GPIOQ1_Handler 000000E4

Symbol: GPIOQ1_Handler
   Definitions
      At line 865 in file startup_TM4C123.s
   Uses
      At line 207 in file startup_TM4C123.s
      At line 866 in file startup_TM4C123.s

GPIOQ2_Handler 000000E6

Symbol: GPIOQ2_Handler
   Definitions
      At line 871 in file startup_TM4C123.s
   Uses
      At line 208 in file startup_TM4C123.s
      At line 872 in file startup_TM4C123.s

GPIOQ3_Handler 000000E8

Symbol: GPIOQ3_Handler
   Definitions
      At line 877 in file startup_TM4C123.s
   Uses
      At line 209 in file startup_TM4C123.s
      At line 878 in file startup_TM4C123.s

GPIOQ4_Handler 000000EA

Symbol: GPIOQ4_Handler
   Definitions
      At line 883 in file startup_TM4C123.s
   Uses
      At line 210 in file startup_TM4C123.s
      At line 884 in file startup_TM4C123.s

GPIOQ5_Handler 000000EC

Symbol: GPIOQ5_Handler
   Definitions
      At line 889 in file startup_TM4C123.s
   Uses
      At line 211 in file startup_TM4C123.s
      At line 890 in file startup_TM4C123.s




ARM Macro Assembler    Page 8 Alphabetic symbol ordering
Relocatable symbols

GPIOQ6_Handler 000000EE

Symbol: GPIOQ6_Handler
   Definitions
      At line 895 in file startup_TM4C123.s
   Uses
      At line 212 in file startup_TM4C123.s
      At line 896 in file startup_TM4C123.s

GPIOQ7_Handler 000000F0

Symbol: GPIOQ7_Handler
   Definitions
      At line 901 in file startup_TM4C123.s
   Uses
      At line 213 in file startup_TM4C123.s
      At line 902 in file startup_TM4C123.s

GPIOR_Handler 000000F2

Symbol: GPIOR_Handler
   Definitions
      At line 907 in file startup_TM4C123.s
   Uses
      At line 214 in file startup_TM4C123.s
      At line 908 in file startup_TM4C123.s

GPIOS_Handler 000000F4

Symbol: GPIOS_Handler
   Definitions
      At line 913 in file startup_TM4C123.s
   Uses
      At line 215 in file startup_TM4C123.s
      At line 914 in file startup_TM4C123.s

HIB_Handler 0000007C

Symbol: HIB_Handler
   Definitions
      At line 553 in file startup_TM4C123.s
   Uses
      At line 125 in file startup_TM4C123.s
      At line 554 in file startup_TM4C123.s

HardFault_Handler 00000018

Symbol: HardFault_Handler
   Definitions
      At line 261 in file startup_TM4C123.s
   Uses
      At line 66 in file startup_TM4C123.s
      At line 262 in file startup_TM4C123.s

I2C0_Handler 00000038

Symbol: I2C0_Handler
   Definitions
      At line 349 in file startup_TM4C123.s



ARM Macro Assembler    Page 9 Alphabetic symbol ordering
Relocatable symbols

   Uses
      At line 90 in file startup_TM4C123.s
      At line 350 in file startup_TM4C123.s

I2C1_Handler 00000072

Symbol: I2C1_Handler
   Definitions
      At line 523 in file startup_TM4C123.s
   Uses
      At line 119 in file startup_TM4C123.s
      At line 524 in file startup_TM4C123.s

I2C2_Handler 000000A2

Symbol: I2C2_Handler
   Definitions
      At line 667 in file startup_TM4C123.s
   Uses
      At line 150 in file startup_TM4C123.s
      At line 668 in file startup_TM4C123.s

I2C3_Handler 000000A4

Symbol: I2C3_Handler
   Definitions
      At line 673 in file startup_TM4C123.s
   Uses
      At line 151 in file startup_TM4C123.s
      At line 674 in file startup_TM4C123.s

I2C4_Handler 000000C8

Symbol: I2C4_Handler
   Definitions
      At line 781 in file startup_TM4C123.s
   Uses
      At line 191 in file startup_TM4C123.s
      At line 782 in file startup_TM4C123.s

I2C5_Handler 000000CA

Symbol: I2C5_Handler
   Definitions
      At line 787 in file startup_TM4C123.s
   Uses
      At line 192 in file startup_TM4C123.s
      At line 788 in file startup_TM4C123.s

MemManage_Handler 0000001A

Symbol: MemManage_Handler
   Definitions
      At line 266 in file startup_TM4C123.s
   Uses
      At line 67 in file startup_TM4C123.s
      At line 267 in file startup_TM4C123.s

NMI_Handler 00000016



ARM Macro Assembler    Page 10 Alphabetic symbol ordering
Relocatable symbols


Symbol: NMI_Handler
   Definitions
      At line 256 in file startup_TM4C123.s
   Uses
      At line 65 in file startup_TM4C123.s
      At line 257 in file startup_TM4C123.s

PMW0_FAULT_Handler 0000003A

Symbol: PMW0_FAULT_Handler
   Definitions
      At line 355 in file startup_TM4C123.s
   Uses
      At line 91 in file startup_TM4C123.s
      At line 356 in file startup_TM4C123.s

PMW1_0_Handler 000000F6

Symbol: PMW1_0_Handler
   Definitions
      At line 919 in file startup_TM4C123.s
   Uses
      At line 216 in file startup_TM4C123.s
      At line 920 in file startup_TM4C123.s

PWM0_0_Handler 0000003C

Symbol: PWM0_0_Handler
   Definitions
      At line 361 in file startup_TM4C123.s
   Uses
      At line 92 in file startup_TM4C123.s
      At line 362 in file startup_TM4C123.s

PWM0_1_Handler 0000003E

Symbol: PWM0_1_Handler
   Definitions
      At line 367 in file startup_TM4C123.s
   Uses
      At line 93 in file startup_TM4C123.s
      At line 368 in file startup_TM4C123.s

PWM0_2_Handler 00000040

Symbol: PWM0_2_Handler
   Definitions
      At line 373 in file startup_TM4C123.s
   Uses
      At line 94 in file startup_TM4C123.s
      At line 374 in file startup_TM4C123.s

PWM0_3_Handler 00000080

Symbol: PWM0_3_Handler
   Definitions
      At line 565 in file startup_TM4C123.s
   Uses



ARM Macro Assembler    Page 11 Alphabetic symbol ordering
Relocatable symbols

      At line 127 in file startup_TM4C123.s
      At line 566 in file startup_TM4C123.s

PWM1_1_Handler 000000F8

Symbol: PWM1_1_Handler
   Definitions
      At line 925 in file startup_TM4C123.s
   Uses
      At line 217 in file startup_TM4C123.s
      At line 926 in file startup_TM4C123.s

PWM1_2_Handler 000000FA

Symbol: PWM1_2_Handler
   Definitions
      At line 931 in file startup_TM4C123.s
   Uses
      At line 218 in file startup_TM4C123.s
      At line 932 in file startup_TM4C123.s

PWM1_3_Handler 000000FC

Symbol: PWM1_3_Handler
   Definitions
      At line 937 in file startup_TM4C123.s
   Uses
      At line 219 in file startup_TM4C123.s
      At line 938 in file startup_TM4C123.s

PWM1_FAULT_Handler 000000FE

Symbol: PWM1_FAULT_Handler
   Definitions
      At line 943 in file startup_TM4C123.s
   Uses
      At line 220 in file startup_TM4C123.s
      At line 944 in file startup_TM4C123.s

PendSV_Handler 00000024

Symbol: PendSV_Handler
   Definitions
      At line 290 in file startup_TM4C123.s
   Uses
      At line 77 in file startup_TM4C123.s
      At line 291 in file startup_TM4C123.s

QEI0_Handler 00000042

Symbol: QEI0_Handler
   Definitions
      At line 379 in file startup_TM4C123.s
   Uses
      At line 95 in file startup_TM4C123.s
      At line 380 in file startup_TM4C123.s

QEI1_Handler 00000074




ARM Macro Assembler    Page 12 Alphabetic symbol ordering
Relocatable symbols

Symbol: QEI1_Handler
   Definitions
      At line 529 in file startup_TM4C123.s
   Uses
      At line 120 in file startup_TM4C123.s
      At line 530 in file startup_TM4C123.s

QEI2_Handler 000000D0

Symbol: QEI2_Handler
   Definitions
      At line 805 in file startup_TM4C123.s
   Uses
      At line 195 in file startup_TM4C123.s
      At line 806 in file startup_TM4C123.s

Reset_Handler 00000000

Symbol: Reset_Handler
   Definitions
      At line 231 in file startup_TM4C123.s
   Uses
      At line 64 in file startup_TM4C123.s
      At line 232 in file startup_TM4C123.s

SSI0_Handler 00000036

Symbol: SSI0_Handler
   Definitions
      At line 343 in file startup_TM4C123.s
   Uses
      At line 89 in file startup_TM4C123.s
      At line 344 in file startup_TM4C123.s

SSI1_Handler 0000006C

Symbol: SSI1_Handler
   Definitions
      At line 505 in file startup_TM4C123.s
   Uses
      At line 116 in file startup_TM4C123.s
      At line 506 in file startup_TM4C123.s

SSI2_Handler 00000094

Symbol: SSI2_Handler
   Definitions
      At line 625 in file startup_TM4C123.s
   Uses
      At line 139 in file startup_TM4C123.s
      At line 626 in file startup_TM4C123.s

SSI3_Handler 00000096

Symbol: SSI3_Handler
   Definitions
      At line 631 in file startup_TM4C123.s
   Uses
      At line 140 in file startup_TM4C123.s



ARM Macro Assembler    Page 13 Alphabetic symbol ordering
Relocatable symbols

      At line 632 in file startup_TM4C123.s

SVC_Handler 00000020

Symbol: SVC_Handler
   Definitions
      At line 280 in file startup_TM4C123.s
   Uses
      At line 74 in file startup_TM4C123.s
      At line 281 in file startup_TM4C123.s

SYSCTL_Handler 00000060

Symbol: SYSCTL_Handler
   Definitions
      At line 469 in file startup_TM4C123.s
   Uses
      At line 110 in file startup_TM4C123.s
      At line 470 in file startup_TM4C123.s

SysTick_Handler 00000026

Symbol: SysTick_Handler
   Definitions
      At line 295 in file startup_TM4C123.s
   Uses
      At line 78 in file startup_TM4C123.s
      At line 296 in file startup_TM4C123.s

TIMER0A_Handler 0000004E

Symbol: TIMER0A_Handler
   Definitions
      At line 415 in file startup_TM4C123.s
   Uses
      At line 101 in file startup_TM4C123.s
      At line 416 in file startup_TM4C123.s

TIMER0B_Handler 00000050

Symbol: TIMER0B_Handler
   Definitions
      At line 421 in file startup_TM4C123.s
   Uses
      At line 102 in file startup_TM4C123.s
      At line 422 in file startup_TM4C123.s

TIMER1A_Handler 00000052

Symbol: TIMER1A_Handler
   Definitions
      At line 427 in file startup_TM4C123.s
   Uses
      At line 103 in file startup_TM4C123.s
      At line 428 in file startup_TM4C123.s

TIMER1B_Handler 00000054

Symbol: TIMER1B_Handler



ARM Macro Assembler    Page 14 Alphabetic symbol ordering
Relocatable symbols

   Definitions
      At line 433 in file startup_TM4C123.s
   Uses
      At line 104 in file startup_TM4C123.s
      At line 434 in file startup_TM4C123.s

TIMER2A_Handler 00000056

Symbol: TIMER2A_Handler
   Definitions
      At line 439 in file startup_TM4C123.s
   Uses
      At line 105 in file startup_TM4C123.s
      At line 440 in file startup_TM4C123.s

TIMER2B_Handler 00000058

Symbol: TIMER2B_Handler
   Definitions
      At line 445 in file startup_TM4C123.s
   Uses
      At line 106 in file startup_TM4C123.s
      At line 446 in file startup_TM4C123.s

TIMER3A_Handler 0000006E

Symbol: TIMER3A_Handler
   Definitions
      At line 511 in file startup_TM4C123.s
   Uses
      At line 117 in file startup_TM4C123.s
      At line 512 in file startup_TM4C123.s

TIMER3B_Handler 00000070

Symbol: TIMER3B_Handler
   Definitions
      At line 517 in file startup_TM4C123.s
   Uses
      At line 118 in file startup_TM4C123.s
      At line 518 in file startup_TM4C123.s

TIMER4A_Handler 000000A6

Symbol: TIMER4A_Handler
   Definitions
      At line 679 in file startup_TM4C123.s
   Uses
      At line 152 in file startup_TM4C123.s
      At line 680 in file startup_TM4C123.s

TIMER4B_Handler 000000A8

Symbol: TIMER4B_Handler
   Definitions
      At line 685 in file startup_TM4C123.s
   Uses
      At line 153 in file startup_TM4C123.s
      At line 686 in file startup_TM4C123.s



ARM Macro Assembler    Page 15 Alphabetic symbol ordering
Relocatable symbols


TIMER5A_Handler 000000AA

Symbol: TIMER5A_Handler
   Definitions
      At line 691 in file startup_TM4C123.s
   Uses
      At line 174 in file startup_TM4C123.s
      At line 692 in file startup_TM4C123.s

TIMER5B_Handler 000000AC

Symbol: TIMER5B_Handler
   Definitions
      At line 697 in file startup_TM4C123.s
   Uses
      At line 175 in file startup_TM4C123.s
      At line 698 in file startup_TM4C123.s

UART0_Handler 00000032

Symbol: UART0_Handler
   Definitions
      At line 331 in file startup_TM4C123.s
   Uses
      At line 87 in file startup_TM4C123.s
      At line 332 in file startup_TM4C123.s

UART1_Handler 00000034

Symbol: UART1_Handler
   Definitions
      At line 337 in file startup_TM4C123.s
   Uses
      At line 88 in file startup_TM4C123.s
      At line 338 in file startup_TM4C123.s

UART2_Handler 0000006A

Symbol: UART2_Handler
   Definitions
      At line 499 in file startup_TM4C123.s
   Uses
      At line 115 in file startup_TM4C123.s
      At line 500 in file startup_TM4C123.s

UART3_Handler 00000098

Symbol: UART3_Handler
   Definitions
      At line 637 in file startup_TM4C123.s
   Uses
      At line 141 in file startup_TM4C123.s
      At line 638 in file startup_TM4C123.s

UART4_Handler 0000009A

Symbol: UART4_Handler
   Definitions



ARM Macro Assembler    Page 16 Alphabetic symbol ordering
Relocatable symbols

      At line 643 in file startup_TM4C123.s
   Uses
      At line 142 in file startup_TM4C123.s
      At line 644 in file startup_TM4C123.s

UART5_Handler 0000009C

Symbol: UART5_Handler
   Definitions
      At line 649 in file startup_TM4C123.s
   Uses
      At line 143 in file startup_TM4C123.s
      At line 650 in file startup_TM4C123.s

UART6_Handler 0000009E

Symbol: UART6_Handler
   Definitions
      At line 655 in file startup_TM4C123.s
   Uses
      At line 144 in file startup_TM4C123.s
      At line 656 in file startup_TM4C123.s

UART7_Handler 000000A0

Symbol: UART7_Handler
   Definitions
      At line 661 in file startup_TM4C123.s
   Uses
      At line 145 in file startup_TM4C123.s
      At line 662 in file startup_TM4C123.s

UDMAERR_Handler 00000084

Symbol: UDMAERR_Handler
   Definitions
      At line 577 in file startup_TM4C123.s
   Uses
      At line 129 in file startup_TM4C123.s
      At line 578 in file startup_TM4C123.s

UDMA_Handler 00000082

Symbol: UDMA_Handler
   Definitions
      At line 571 in file startup_TM4C123.s
   Uses
      At line 128 in file startup_TM4C123.s
      At line 572 in file startup_TM4C123.s

USB0_Handler 0000007E

Symbol: USB0_Handler
   Definitions
      At line 559 in file startup_TM4C123.s
   Uses
      At line 126 in file startup_TM4C123.s
      At line 560 in file startup_TM4C123.s




ARM Macro Assembler    Page 17 Alphabetic symbol ordering
Relocatable symbols

UsageFault_Handler 0000001E

Symbol: UsageFault_Handler
   Definitions
      At line 276 in file startup_TM4C123.s
   Uses
      At line 69 in file startup_TM4C123.s
      At line 277 in file startup_TM4C123.s

WDT0_Handler 0000004C

Symbol: WDT0_Handler
   Definitions
      At line 409 in file startup_TM4C123.s
   Uses
      At line 100 in file startup_TM4C123.s
      At line 410 in file startup_TM4C123.s

WTIMER0A_Handler 000000AE

Symbol: WTIMER0A_Handler
   Definitions
      At line 703 in file startup_TM4C123.s
   Uses
      At line 176 in file startup_TM4C123.s
      At line 704 in file startup_TM4C123.s

WTIMER0B_Handler 000000B0

Symbol: WTIMER0B_Handler
   Definitions
      At line 709 in file startup_TM4C123.s
   Uses
      At line 177 in file startup_TM4C123.s
      At line 710 in file startup_TM4C123.s

WTIMER1A_Handler 000000B2

Symbol: WTIMER1A_Handler
   Definitions
      At line 715 in file startup_TM4C123.s
   Uses
      At line 178 in file startup_TM4C123.s
      At line 716 in file startup_TM4C123.s

WTIMER1B_Handler 000000B4

Symbol: WTIMER1B_Handler
   Definitions
      At line 721 in file startup_TM4C123.s
   Uses
      At line 179 in file startup_TM4C123.s
      At line 722 in file startup_TM4C123.s

WTIMER2A_Handler 000000B6

Symbol: WTIMER2A_Handler
   Definitions
      At line 727 in file startup_TM4C123.s



ARM Macro Assembler    Page 18 Alphabetic symbol ordering
Relocatable symbols

   Uses
      At line 180 in file startup_TM4C123.s
      At line 728 in file startup_TM4C123.s

WTIMER2B_Handler 000000B8

Symbol: WTIMER2B_Handler
   Definitions
      At line 733 in file startup_TM4C123.s
   Uses
      At line 181 in file startup_TM4C123.s
      At line 734 in file startup_TM4C123.s

WTIMER3A_Handler 000000BA

Symbol: WTIMER3A_Handler
   Definitions
      At line 739 in file startup_TM4C123.s
   Uses
      At line 182 in file startup_TM4C123.s
      At line 740 in file startup_TM4C123.s

WTIMER3B_Handler 000000BC

Symbol: WTIMER3B_Handler
   Definitions
      At line 745 in file startup_TM4C123.s
   Uses
      At line 183 in file startup_TM4C123.s
      At line 746 in file startup_TM4C123.s

WTIMER4A_Handler 000000BE

Symbol: WTIMER4A_Handler
   Definitions
      At line 751 in file startup_TM4C123.s
   Uses
      At line 184 in file startup_TM4C123.s
      At line 752 in file startup_TM4C123.s

WTIMER4B_Handler 000000C0

Symbol: WTIMER4B_Handler
   Definitions
      At line 757 in file startup_TM4C123.s
   Uses
      At line 185 in file startup_TM4C123.s
      At line 758 in file startup_TM4C123.s

WTIMER5A_Handler 000000C2

Symbol: WTIMER5A_Handler
   Definitions
      At line 763 in file startup_TM4C123.s
   Uses
      At line 186 in file startup_TM4C123.s
      At line 764 in file startup_TM4C123.s

WTIMER5B_Handler 000000C4



ARM Macro Assembler    Page 19 Alphabetic symbol ordering
Relocatable symbols


Symbol: WTIMER5B_Handler
   Definitions
      At line 769 in file startup_TM4C123.s
   Uses
      At line 187 in file startup_TM4C123.s
      At line 770 in file startup_TM4C123.s

__user_initial_stackheap 00000100

Symbol: __user_initial_stackheap
   Definitions
      At line 963 in file startup_TM4C123.s
   Uses
      At line 962 in file startup_TM4C123.s
Comment: __user_initial_stackheap used once
120 symbols



ARM Macro Assembler    Page 1 Alphabetic symbol ordering
Absolute symbols

Heap_Size 00000000

Symbol: Heap_Size
   Definitions
      At line 44 in file startup_TM4C123.s
   Uses
      At line 48 in file startup_TM4C123.s
      At line 967 in file startup_TM4C123.s

Stack_Size 00000200

Symbol: Stack_Size
   Definitions
      At line 33 in file startup_TM4C123.s
   Uses
      At line 36 in file startup_TM4C123.s
      At line 966 in file startup_TM4C123.s

__Vectors_Size 0000026C

Symbol: __Vectors_Size
   Definitions
      At line 224 in file startup_TM4C123.s
   Uses
      At line 61 in file startup_TM4C123.s
Comment: __Vectors_Size used once
3 symbols



ARM Macro Assembler    Page 1 Alphabetic symbol ordering
External symbols

__main 00000000

Symbol: __main
   Definitions
      At line 246 in file startup_TM4C123.s
   Uses
      At line 249 in file startup_TM4C123.s
Comment: __main used once
__use_two_region_memory 00000000

Symbol: __use_two_region_memory
   Definitions
      At line 961 in file startup_TM4C123.s
   Uses
      None
Comment: __use_two_region_memory unused
2 symbols
471 symbols in table
